<?xml version="1.0" encoding="UTF-8"?>
<!-- Generated by org.testng.reporters.JUnitReportReporter -->
<testsuite hostname="Nehas-Air.lan" failures="0" tests="3" name="seleniumframeworklearning.testcases.SubmitSingleProductOrderTest" time="43.654" errors="0" timestamp="2024-07-11T11:00:58 MDT" skipped="0">
  <testcase classname="seleniumframeworklearning.testcases.SubmitSingleProductOrderTest" name="singleProductOrderHistoryTest" time="8.984"/>
  <testcase classname="seleniumframeworklearning.testcases.SubmitSingleProductOrderTest" name="singleProductSubmitOrderTest" time="16.972"/>
  <testcase classname="seleniumframeworklearning.testcases.SubmitSingleProductOrderTest" name="singleProductSubmitOrderTest" time="17.698"/>
</testsuite> <!-- seleniumframeworklearning.testcases.SubmitSingleProductOrderTest -->
