<?xml version="1.0" encoding="UTF-8"?>
<!-- Generated by org.testng.reporters.JUnitReportReporter -->
<testsuite hostname="Nehas-Air.lan" failures="0" tests="1" name="seleniumframeworklearning.testcases.StandAloneTest2" time="85.843" errors="0" timestamp="2024-07-10T02:41:25 MDT" skipped="0">
  <testcase classname="seleniumframeworklearning.testcases.StandAloneTest2" name="placeSingleProductOrder" time="85.843"/>
</testsuite> <!-- seleniumframeworklearning.testcases.StandAloneTest2 -->
