<?xml version="1.0" encoding="UTF-8"?>
<!-- Generated by org.testng.reporters.JUnitReportReporter -->
<testsuite hostname="Nehas-Air.lan" failures="0" tests="3" name="seleniumframeworklearning.testcases.SubmitSingleProductOrderTest" time="59.251" errors="0" timestamp="2024-07-11T00:43:05 MDT" skipped="0">
  <testcase classname="seleniumframeworklearning.testcases.SubmitSingleProductOrderTest" name="singleProductSubmitOrderTest" time="21.976"/>
  <testcase classname="seleniumframeworklearning.testcases.SubmitSingleProductOrderTest" name="singleProductOrderHistoryTest" time="9.711"/>
  <testcase classname="seleniumframeworklearning.testcases.SubmitSingleProductOrderTest" name="singleProductSubmitOrderTest" time="27.564"/>
</testsuite> <!-- seleniumframeworklearning.testcases.SubmitSingleProductOrderTest -->
